<?xml version="1.0" encoding="UTF-8"?>
<coverage generated="1781373406790" clover="3.2.0">
  <project timestamp="1781373406791" name="All files">
    <metrics statements="97" coveredstatements="87" conditionals="59" coveredconditionals="50" methods="27" coveredmethods="25" elements="183" coveredelements="162" complexity="0" loc="97" ncloc="97" packages="1" files="3" classes="3"/>
    <file name="uv-dropdown.ts" path="D:\OneDrive\Desktop\OpenSCon\NSoC\UI-Verse\src\components\uv-dropdown.ts">
      <metrics statements="43" coveredstatements="39" conditionals="40" coveredconditionals="33" methods="12" coveredmethods="10"/>
      <line num="1" count="1" type="stmt"/>
      <line num="3" count="8" type="stmt"/>
      <line num="4" count="8" type="stmt"/>
      <line num="5" count="8" type="stmt"/>
      <line num="10" count="8" type="cond" truecount="3" falsecount="1"/>
      <line num="11" count="0" type="stmt"/>
      <line num="12" count="0" type="stmt"/>
      <line num="33" count="0" type="stmt"/>
      <line num="35" count="8" type="stmt"/>
      <line num="36" count="8" type="stmt"/>
      <line num="57" count="8" type="stmt"/>
      <line num="62" count="0" type="stmt"/>
      <line num="66" count="19" type="stmt"/>
      <line num="70" count="10" type="cond" truecount="2" falsecount="0"/>
      <line num="71" count="5" type="stmt"/>
      <line num="73" count="5" type="stmt"/>
      <line num="77" count="8" type="stmt"/>
      <line num="78" count="8" type="stmt"/>
      <line num="79" count="8" type="stmt"/>
      <line num="80" count="2" type="cond" truecount="3" falsecount="0"/>
      <line num="81" count="1" type="stmt"/>
      <line num="82" count="1" type="stmt"/>
      <line num="87" count="8" type="stmt"/>
      <line num="88" count="2" type="cond" truecount="3" falsecount="0"/>
      <line num="89" count="2" type="stmt"/>
      <line num="90" count="2" type="stmt"/>
      <line num="95" count="8" type="cond" truecount="3" falsecount="1"/>
      <line num="98" count="8" type="cond" truecount="3" falsecount="1"/>
      <line num="99" count="8" type="cond" truecount="3" falsecount="1"/>
      <line num="100" count="8" type="stmt"/>
      <line num="101" count="8" type="stmt"/>
      <line num="105" count="8" type="cond" truecount="3" falsecount="1"/>
      <line num="108" count="8" type="cond" truecount="3" falsecount="1"/>
      <line num="109" count="8" type="cond" truecount="3" falsecount="1"/>
      <line num="110" count="8" type="stmt"/>
      <line num="111" count="8" type="stmt"/>
      <line num="115" count="4" type="stmt"/>
      <line num="116" count="4" type="stmt"/>
      <line num="117" count="4" type="stmt"/>
      <line num="123" count="2" type="cond" truecount="1" falsecount="0"/>
      <line num="124" count="1" type="stmt"/>
      <line num="129" count="1" type="cond" truecount="3" falsecount="0"/>
      <line num="130" count="1" type="stmt"/>
    </file>
    <file name="uv-modal.ts" path="D:\OneDrive\Desktop\OpenSCon\NSoC\UI-Verse\src\components\uv-modal.ts">
      <metrics statements="27" coveredstatements="24" conditionals="12" coveredconditionals="11" methods="8" coveredmethods="8"/>
      <line num="1" count="1" type="stmt"/>
      <line num="2" count="6" type="stmt"/>
      <line num="4" count="6" type="stmt"/>
      <line num="5" count="6" type="stmt"/>
      <line num="6" count="6" type="stmt"/>
      <line num="14" count="6" type="cond" truecount="3" falsecount="1"/>
      <line num="15" count="0" type="stmt"/>
      <line num="16" count="0" type="stmt"/>
      <line num="47" count="0" type="stmt"/>
      <line num="49" count="6" type="stmt"/>
      <line num="50" count="6" type="stmt"/>
      <line num="81" count="6" type="stmt"/>
      <line num="86" count="6" type="stmt"/>
      <line num="90" count="6" type="stmt"/>
      <line num="93" count="6" type="stmt"/>
      <line num="94" count="2" type="cond" truecount="3" falsecount="0"/>
      <line num="95" count="1" type="stmt"/>
      <line num="96" count="1" type="stmt"/>
      <line num="101" count="6" type="stmt"/>
      <line num="105" count="7" type="stmt"/>
      <line num="106" count="7" type="cond" truecount="2" falsecount="0"/>
      <line num="107" count="4" type="stmt"/>
      <line num="109" count="3" type="stmt"/>
      <line num="114" count="3" type="stmt"/>
      <line num="118" count="2" type="stmt"/>
      <line num="122" count="1" type="cond" truecount="3" falsecount="0"/>
      <line num="123" count="1" type="stmt"/>
    </file>
    <file name="uv-tooltip.ts" path="D:\OneDrive\Desktop\OpenSCon\NSoC\UI-Verse\src\components\uv-tooltip.ts">
      <metrics statements="27" coveredstatements="24" conditionals="7" coveredconditionals="6" methods="7" coveredmethods="7"/>
      <line num="1" count="1" type="stmt"/>
      <line num="6" count="5" type="stmt"/>
      <line num="7" count="5" type="stmt"/>
      <line num="8" count="5" type="stmt"/>
      <line num="12" count="5" type="stmt"/>
      <line num="13" count="5" type="stmt"/>
      <line num="15" count="5" type="cond" truecount="3" falsecount="1"/>
      <line num="16" count="0" type="stmt"/>
      <line num="17" count="0" type="stmt"/>
      <line num="34" count="0" type="stmt"/>
      <line num="36" count="5" type="stmt"/>
      <line num="37" count="5" type="stmt"/>
      <line num="54" count="5" type="stmt"/>
      <line num="58" count="5" type="stmt"/>
      <line num="59" count="5" type="stmt"/>
      <line num="62" count="5" type="stmt"/>
      <line num="63" count="5" type="stmt"/>
      <line num="64" count="5" type="stmt"/>
      <line num="65" count="5" type="stmt"/>
      <line num="69" count="5" type="stmt"/>
      <line num="70" count="5" type="stmt"/>
      <line num="71" count="5" type="stmt"/>
      <line num="72" count="5" type="stmt"/>
      <line num="76" count="3" type="stmt"/>
      <line num="80" count="3" type="stmt"/>
      <line num="84" count="1" type="cond" truecount="3" falsecount="0"/>
      <line num="85" count="1" type="stmt"/>
    </file>
  </project>
</coverage>
