{"/workspace/project/UI-Verse/src/components/uv-dropdown.ts": {"path":"/workspace/project/UI-Verse/src/components/uv-dropdown.ts","statementMap":{"0":{"start":{"line":3,"column":4},"end":{"line":3,"column":12}},"1":{"start":{"line":80,"column":10},"end":{"line":80,"column":53}},"2":{"start":{"line":80,"column":38},"end":{"line":80,"column":52}},"3":{"start":{"line":81,"column":10},"end":{"line":81,"column":65}},"4":{"start":{"line":81,"column":44},"end":{"line":81,"column":64}},"5":{"start":{"line":82,"column":10},"end":{"line":92,"column":4}},"6":{"start":{"line":83,"column":4},"end":{"line":91,"column":5}},"7":{"start":{"line":84,"column":6},"end":{"line":84,"column":24}},"8":{"start":{"line":85,"column":6},"end":{"line":90,"column":8}},"9":{"start":{"line":93,"column":10},"end":{"line":98,"column":4}},"10":{"start":{"line":94,"column":4},"end":{"line":97,"column":5}},"11":{"start":{"line":95,"column":6},"end":{"line":95,"column":25}},"12":{"start":{"line":96,"column":6},"end":{"line":96,"column":21}},"13":{"start":{"line":4,"column":19},"end":{"line":4,"column":54}},"14":{"start":{"line":5,"column":4},"end":{"line":8,"column":6}},"15":{"start":{"line":10,"column":4},"end":{"line":61,"column":5}},"16":{"start":{"line":14,"column":20},"end":{"line":14,"column":39}},"17":{"start":{"line":15,"column":6},"end":{"line":35,"column":9}},"18":{"start":{"line":36,"column":6},"end":{"line":36,"column":42}},"19":{"start":{"line":38,"column":20},"end":{"line":38,"column":51}},"20":{"start":{"line":39,"column":6},"end":{"line":59,"column":8}},"21":{"start":{"line":60,"column":6},"end":{"line":60,"column":32}},"22":{"start":{"line":65,"column":4},"end":{"line":65,"column":20}},"23":{"start":{"line":69,"column":4},"end":{"line":69,"column":37}},"24":{"start":{"line":73,"column":4},"end":{"line":77,"column":5}},"25":{"start":{"line":74,"column":6},"end":{"line":74,"column":36}},"26":{"start":{"line":76,"column":6},"end":{"line":76,"column":35}},"27":{"start":{"line":101,"column":24},"end":{"line":102,"column":null}},"28":{"start":{"line":104,"column":4},"end":{"line":104,"column":61}},"29":{"start":{"line":105,"column":4},"end":{"line":105,"column":73}},"30":{"start":{"line":106,"column":4},"end":{"line":106,"column":58}},"31":{"start":{"line":107,"column":4},"end":{"line":107,"column":63}},"32":{"start":{"line":111,"column":24},"end":{"line":112,"column":null}},"33":{"start":{"line":114,"column":4},"end":{"line":114,"column":64}},"34":{"start":{"line":115,"column":4},"end":{"line":115,"column":76}},"35":{"start":{"line":116,"column":4},"end":{"line":116,"column":61}},"36":{"start":{"line":117,"column":4},"end":{"line":117,"column":66}},"37":{"start":{"line":121,"column":4},"end":{"line":121,"column":24}},"38":{"start":{"line":122,"column":4},"end":{"line":122,"column":27}},"39":{"start":{"line":123,"column":4},"end":{"line":128,"column":6}},"40":{"start":{"line":132,"column":4},"end":{"line":134,"column":5}},"41":{"start":{"line":133,"column":6},"end":{"line":133,"column":24}},"42":{"start":{"line":1,"column":0},"end":{"line":1,"column":13}},"43":{"start":{"line":138,"column":0},"end":{"line":143,"column":1}},"44":{"start":{"line":142,"column":2},"end":{"line":142,"column":51}}},"fnMap":{"0":{"name":"(anonymous_0)","decl":{"start":{"line":2,"column":2},"end":{"line":2,"column":null}},"loc":{"start":{"line":2,"column":2},"end":{"line":62,"column":3}}},"1":{"name":"(anonymous_1)","decl":{"start":{"line":80,"column":24},"end":{"line":80,"column":25}},"loc":{"start":{"line":80,"column":38},"end":{"line":80,"column":52}}},"2":{"name":"(anonymous_2)","decl":{"start":{"line":81,"column":30},"end":{"line":81,"column":31}},"loc":{"start":{"line":81,"column":44},"end":{"line":81,"column":64}}},"3":{"name":"(anonymous_3)","decl":{"start":{"line":82,"column":27},"end":{"line":82,"column":28}},"loc":{"start":{"line":82,"column":48},"end":{"line":92,"column":3}}},"4":{"name":"(anonymous_4)","decl":{"start":{"line":93,"column":34},"end":{"line":93,"column":35}},"loc":{"start":{"line":93,"column":55},"end":{"line":98,"column":3}}},"5":{"name":"(anonymous_5)","decl":{"start":{"line":64,"column":2},"end":{"line":64,"column":8}},"loc":{"start":{"line":64,"column":31},"end":{"line":66,"column":3}}},"6":{"name":"(anonymous_6)","decl":{"start":{"line":68,"column":2},"end":{"line":68,"column":6}},"loc":{"start":{"line":68,"column":10},"end":{"line":70,"column":3}}},"7":{"name":"(anonymous_7)","decl":{"start":{"line":72,"column":2},"end":{"line":72,"column":6}},"loc":{"start":{"line":72,"column":23},"end":{"line":78,"column":3}}},"8":{"name":"(anonymous_8)","decl":{"start":{"line":100,"column":2},"end":{"line":100,"column":19}},"loc":{"start":{"line":100,"column":19},"end":{"line":108,"column":3}}},"9":{"name":"(anonymous_9)","decl":{"start":{"line":110,"column":2},"end":{"line":110,"column":22}},"loc":{"start":{"line":110,"column":22},"end":{"line":118,"column":3}}},"10":{"name":"(anonymous_10)","decl":{"start":{"line":120,"column":2},"end":{"line":120,"column":8}},"loc":{"start":{"line":120,"column":17},"end":{"line":129,"column":3}}},"11":{"name":"(anonymous_11)","decl":{"start":{"line":131,"column":2},"end":{"line":131,"column":14}},"loc":{"start":{"line":131,"column":23},"end":{"line":135,"column":3}}}},"branchMap":{"0":{"loc":{"start":{"line":83,"column":4},"end":{"line":91,"column":5}},"type":"if","locations":[{"start":{"line":83,"column":4},"end":{"line":91,"column":5}}]},"1":{"loc":{"start":{"line":83,"column":8},"end":{"line":83,"column":39}},"type":"binary-expr","locations":[{"start":{"line":83,"column":8},"end":{"line":83,"column":26}},{"start":{"line":83,"column":30},"end":{"line":83,"column":39}}]},"2":{"loc":{"start":{"line":94,"column":4},"end":{"line":97,"column":5}},"type":"if","locations":[{"start":{"line":94,"column":4},"end":{"line":97,"column":5}}]},"3":{"loc":{"start":{"line":94,"column":8},"end":{"line":94,"column":42}},"type":"binary-expr","locations":[{"start":{"line":94,"column":8},"end":{"line":94,"column":25}},{"start":{"line":94,"column":29},"end":{"line":94,"column":42}}]},"4":{"loc":{"start":{"line":10,"column":4},"end":{"line":61,"column":5}},"type":"if","locations":[{"start":{"line":10,"column":4},"end":{"line":61,"column":5}},{"start":{"line":37,"column":11},"end":{"line":61,"column":5}}]},"5":{"loc":{"start":{"line":11,"column":6},"end":{"line":12,"column":46}},"type":"binary-expr","locations":[{"start":{"line":11,"column":6},"end":{"line":11,"column":42}},{"start":{"line":12,"column":6},"end":{"line":12,"column":46}}]},"6":{"loc":{"start":{"line":73,"column":4},"end":{"line":77,"column":5}},"type":"if","locations":[{"start":{"line":73,"column":4},"end":{"line":77,"column":5}},{"start":{"line":75,"column":11},"end":{"line":77,"column":5}}]},"7":{"loc":{"start":{"line":101,"column":24},"end":{"line":102,"column":null}},"type":"cond-expr","locations":[{"start":{"line":101,"column":39},"end":{"line":101,"column":41}},{"start":{"line":101,"column":39},"end":{"line":102,"column":null}}]},"8":{"loc":{"start":{"line":101,"column":24},"end":{"line":101,"column":41}},"type":"binary-expr","locations":[{"start":{"line":101,"column":24},"end":{"line":101,"column":41}},{"start":{"line":101,"column":39},"end":{"line":101,"column":41}}]},"9":{"loc":{"start":{"line":104,"column":4},"end":{"line":104,"column":60}},"type":"cond-expr","locations":[{"start":{"line":104,"column":15},"end":{"line":104,"column":17}},{"start":{"line":104,"column":4},"end":{"line":104,"column":60}}]},"10":{"loc":{"start":{"line":104,"column":4},"end":{"line":104,"column":17}},"type":"binary-expr","locations":[{"start":{"line":104,"column":4},"end":{"line":104,"column":17}},{"start":{"line":104,"column":4},"end":{"line":104,"column":17}}]},"11":{"loc":{"start":{"line":105,"column":4},"end":{"line":105,"column":72}},"type":"cond-expr","locations":[{"start":{"line":105,"column":15},"end":{"line":105,"column":17}},{"start":{"line":105,"column":4},"end":{"line":105,"column":72}}]},"12":{"loc":{"start":{"line":105,"column":4},"end":{"line":105,"column":17}},"type":"binary-expr","locations":[{"start":{"line":105,"column":4},"end":{"line":105,"column":17}},{"start":{"line":105,"column":4},"end":{"line":105,"column":17}}]},"13":{"loc":{"start":{"line":111,"column":24},"end":{"line":112,"column":null}},"type":"cond-expr","locations":[{"start":{"line":111,"column":39},"end":{"line":111,"column":41}},{"start":{"line":111,"column":39},"end":{"line":112,"column":null}}]},"14":{"loc":{"start":{"line":111,"column":24},"end":{"line":111,"column":41}},"type":"binary-expr","locations":[{"start":{"line":111,"column":24},"end":{"line":111,"column":41}},{"start":{"line":111,"column":39},"end":{"line":111,"column":41}}]},"15":{"loc":{"start":{"line":114,"column":4},"end":{"line":114,"column":63}},"type":"cond-expr","locations":[{"start":{"line":114,"column":15},"end":{"line":114,"column":17}},{"start":{"line":114,"column":4},"end":{"line":114,"column":63}}]},"16":{"loc":{"start":{"line":114,"column":4},"end":{"line":114,"column":17}},"type":"binary-expr","locations":[{"start":{"line":114,"column":4},"end":{"line":114,"column":17}},{"start":{"line":114,"column":4},"end":{"line":114,"column":17}}]},"17":{"loc":{"start":{"line":115,"column":4},"end":{"line":115,"column":75}},"type":"cond-expr","locations":[{"start":{"line":115,"column":15},"end":{"line":115,"column":17}},{"start":{"line":115,"column":4},"end":{"line":115,"column":75}}]},"18":{"loc":{"start":{"line":115,"column":4},"end":{"line":115,"column":17}},"type":"binary-expr","locations":[{"start":{"line":115,"column":4},"end":{"line":115,"column":17}},{"start":{"line":115,"column":4},"end":{"line":115,"column":17}}]},"19":{"loc":{"start":{"line":132,"column":4},"end":{"line":134,"column":5}},"type":"if","locations":[{"start":{"line":132,"column":4},"end":{"line":134,"column":5}}]},"20":{"loc":{"start":{"line":138,"column":0},"end":{"line":143,"column":1}},"type":"if","locations":[{"start":{"line":138,"column":0},"end":{"line":143,"column":1}}]},"21":{"loc":{"start":{"line":139,"column":2},"end":{"line":140,"column":36}},"type":"binary-expr","locations":[{"start":{"line":139,"column":2},"end":{"line":139,"column":39}},{"start":{"line":140,"column":2},"end":{"line":140,"column":36}}]}},"s":{"0":8,"1":8,"2":0,"3":8,"4":2,"5":8,"6":2,"7":1,"8":1,"9":8,"10":2,"11":2,"12":2,"13":8,"14":8,"15":8,"16":0,"17":0,"18":0,"19":8,"20":8,"21":8,"22":0,"23":19,"24":10,"25":5,"26":5,"27":8,"28":8,"29":8,"30":8,"31":8,"32":8,"33":8,"34":8,"35":8,"36":8,"37":4,"38":4,"39":4,"40":2,"41":1,"42":1,"43":1,"44":1},"f":{"0":8,"1":0,"2":2,"3":2,"4":2,"5":0,"6":19,"7":10,"8":8,"9":8,"10":4,"11":2},"b":{"0":[1],"1":[2,2],"2":[2],"3":[2,1],"4":[0,8],"5":[8,8],"6":[5,5],"7":[0,8],"8":[8,8],"9":[0,8],"10":[8,8],"11":[0,8],"12":[8,8],"13":[0,8],"14":[8,8],"15":[0,8],"16":[8,8],"17":[0,8],"18":[8,8],"19":[1],"20":[1],"21":[1,1]}}
,"/workspace/project/UI-Verse/src/components/uv-modal.ts": {"path":"/workspace/project/UI-Verse/src/components/uv-modal.ts","statementMap":{"0":{"start":{"line":4,"column":4},"end":{"line":4,"column":12}},"1":{"start":{"line":2,"column":10},"end":{"line":2,"column":26}},"2":{"start":{"line":96,"column":10},"end":{"line":101,"column":4}},"3":{"start":{"line":97,"column":4},"end":{"line":100,"column":5}},"4":{"start":{"line":98,"column":6},"end":{"line":98,"column":19}},"5":{"start":{"line":99,"column":6},"end":{"line":99,"column":51}},"6":{"start":{"line":5,"column":14},"end":{"line":5,"column":49}},"7":{"start":{"line":6,"column":4},"end":{"line":12,"column":6}},"8":{"start":{"line":14,"column":4},"end":{"line":85,"column":5}},"9":{"start":{"line":18,"column":20},"end":{"line":18,"column":39}},"10":{"start":{"line":19,"column":6},"end":{"line":49,"column":9}},"11":{"start":{"line":50,"column":6},"end":{"line":50,"column":37}},"12":{"start":{"line":52,"column":20},"end":{"line":52,"column":51}},"13":{"start":{"line":53,"column":6},"end":{"line":83,"column":8}},"14":{"start":{"line":84,"column":6},"end":{"line":84,"column":27}},"15":{"start":{"line":89,"column":4},"end":{"line":89,"column":62}},"16":{"start":{"line":93,"column":4},"end":{"line":93,"column":65}},"17":{"start":{"line":104,"column":4},"end":{"line":104,"column":24}},"18":{"start":{"line":108,"column":4},"end":{"line":108,"column":23}},"19":{"start":{"line":109,"column":4},"end":{"line":113,"column":5}},"20":{"start":{"line":110,"column":6},"end":{"line":110,"column":38}},"21":{"start":{"line":112,"column":6},"end":{"line":112,"column":37}},"22":{"start":{"line":117,"column":4},"end":{"line":117,"column":23}},"23":{"start":{"line":121,"column":4},"end":{"line":121,"column":24}},"24":{"start":{"line":1,"column":0},"end":{"line":1,"column":13}},"25":{"start":{"line":125,"column":0},"end":{"line":127,"column":1}},"26":{"start":{"line":126,"column":2},"end":{"line":126,"column":45}}},"fnMap":{"0":{"name":"(anonymous_0)","decl":{"start":{"line":3,"column":2},"end":{"line":3,"column":null}},"loc":{"start":{"line":3,"column":2},"end":{"line":86,"column":3}}},"1":{"name":"(anonymous_1)","decl":{"start":{"line":96,"column":27},"end":{"line":96,"column":28}},"loc":{"start":{"line":96,"column":52},"end":{"line":101,"column":3}}},"2":{"name":"(anonymous_2)","decl":{"start":{"line":88,"column":2},"end":{"line":88,"column":19}},"loc":{"start":{"line":88,"column":19},"end":{"line":90,"column":3}}},"3":{"name":"(anonymous_3)","decl":{"start":{"line":92,"column":2},"end":{"line":92,"column":22}},"loc":{"start":{"line":92,"column":22},"end":{"line":94,"column":3}}},"4":{"name":"(anonymous_4)","decl":{"start":{"line":103,"column":2},"end":{"line":103,"column":6}},"loc":{"start":{"line":103,"column":12},"end":{"line":105,"column":3}}},"5":{"name":"(anonymous_5)","decl":{"start":{"line":107,"column":2},"end":{"line":107,"column":6}},"loc":{"start":{"line":107,"column":25},"end":{"line":114,"column":3}}},"6":{"name":"(anonymous_6)","decl":{"start":{"line":116,"column":2},"end":{"line":116,"column":6}},"loc":{"start":{"line":116,"column":6},"end":{"line":118,"column":3}}},"7":{"name":"(anonymous_7)","decl":{"start":{"line":120,"column":2},"end":{"line":120,"column":7}},"loc":{"start":{"line":120,"column":7},"end":{"line":122,"column":3}}}},"branchMap":{"0":{"loc":{"start":{"line":97,"column":4},"end":{"line":100,"column":5}},"type":"if","locations":[{"start":{"line":97,"column":4},"end":{"line":100,"column":5}}]},"1":{"loc":{"start":{"line":97,"column":8},"end":{"line":97,"column":45}},"type":"binary-expr","locations":[{"start":{"line":97,"column":8},"end":{"line":97,"column":30}},{"start":{"line":97,"column":34},"end":{"line":97,"column":45}}]},"2":{"loc":{"start":{"line":14,"column":4},"end":{"line":85,"column":5}},"type":"if","locations":[{"start":{"line":14,"column":4},"end":{"line":85,"column":5}},{"start":{"line":51,"column":11},"end":{"line":85,"column":5}}]},"3":{"loc":{"start":{"line":15,"column":6},"end":{"line":16,"column":46}},"type":"binary-expr","locations":[{"start":{"line":15,"column":6},"end":{"line":15,"column":42}},{"start":{"line":16,"column":6},"end":{"line":16,"column":46}}]},"4":{"loc":{"start":{"line":109,"column":4},"end":{"line":113,"column":5}},"type":"if","locations":[{"start":{"line":109,"column":4},"end":{"line":113,"column":5}},{"start":{"line":111,"column":11},"end":{"line":113,"column":5}}]},"5":{"loc":{"start":{"line":125,"column":0},"end":{"line":127,"column":1}},"type":"if","locations":[{"start":{"line":125,"column":0},"end":{"line":127,"column":1}}]},"6":{"loc":{"start":{"line":125,"column":4},"end":{"line":125,"column":76}},"type":"binary-expr","locations":[{"start":{"line":125,"column":4},"end":{"line":125,"column":41}},{"start":{"line":125,"column":45},"end":{"line":125,"column":76}}]}},"s":{"0":6,"1":6,"2":6,"3":2,"4":1,"5":1,"6":6,"7":6,"8":6,"9":0,"10":0,"11":0,"12":6,"13":6,"14":6,"15":6,"16":6,"17":6,"18":7,"19":7,"20":4,"21":3,"22":3,"23":2,"24":1,"25":1,"26":1},"f":{"0":6,"1":2,"2":6,"3":6,"4":6,"5":7,"6":3,"7":2},"b":{"0":[1],"1":[2,1],"2":[0,6],"3":[6,6],"4":[4,3],"5":[1],"6":[1,1]}}
,"/workspace/project/UI-Verse/src/components/uv-tooltip.ts": {"path":"/workspace/project/UI-Verse/src/components/uv-tooltip.ts","statementMap":{"0":{"start":{"line":6,"column":4},"end":{"line":6,"column":12}},"1":{"start":{"line":61,"column":10},"end":{"line":61,"column":40}},"2":{"start":{"line":61,"column":28},"end":{"line":61,"column":39}},"3":{"start":{"line":62,"column":10},"end":{"line":62,"column":40}},"4":{"start":{"line":62,"column":28},"end":{"line":62,"column":39}},"5":{"start":{"line":7,"column":14},"end":{"line":7,"column":49}},"6":{"start":{"line":8,"column":4},"end":{"line":11,"column":6}},"7":{"start":{"line":12,"column":4},"end":{"line":12,"column":65}},"8":{"start":{"line":13,"column":4},"end":{"line":13,"column":61}},"9":{"start":{"line":15,"column":4},"end":{"line":58,"column":5}},"10":{"start":{"line":19,"column":20},"end":{"line":19,"column":39}},"11":{"start":{"line":20,"column":6},"end":{"line":36,"column":9}},"12":{"start":{"line":37,"column":6},"end":{"line":37,"column":37}},"13":{"start":{"line":39,"column":20},"end":{"line":39,"column":51}},"14":{"start":{"line":40,"column":6},"end":{"line":56,"column":8}},"15":{"start":{"line":57,"column":6},"end":{"line":57,"column":27}},"16":{"start":{"line":65,"column":4},"end":{"line":65,"column":67}},"17":{"start":{"line":66,"column":4},"end":{"line":66,"column":67}},"18":{"start":{"line":67,"column":4},"end":{"line":67,"column":64}},"19":{"start":{"line":68,"column":4},"end":{"line":68,"column":65}},"20":{"start":{"line":72,"column":4},"end":{"line":72,"column":70}},"21":{"start":{"line":73,"column":4},"end":{"line":73,"column":70}},"22":{"start":{"line":74,"column":4},"end":{"line":74,"column":67}},"23":{"start":{"line":75,"column":4},"end":{"line":75,"column":68}},"24":{"start":{"line":79,"column":4},"end":{"line":79,"column":46}},"25":{"start":{"line":83,"column":4},"end":{"line":83,"column":47}},"26":{"start":{"line":1,"column":0},"end":{"line":1,"column":13}},"27":{"start":{"line":87,"column":0},"end":{"line":92,"column":1}},"28":{"start":{"line":91,"column":2},"end":{"line":91,"column":49}}},"fnMap":{"0":{"name":"(anonymous_0)","decl":{"start":{"line":5,"column":2},"end":{"line":5,"column":null}},"loc":{"start":{"line":5,"column":2},"end":{"line":59,"column":3}}},"1":{"name":"(anonymous_1)","decl":{"start":{"line":61,"column":22},"end":{"line":61,"column":25}},"loc":{"start":{"line":61,"column":28},"end":{"line":61,"column":39}}},"2":{"name":"(anonymous_2)","decl":{"start":{"line":62,"column":22},"end":{"line":62,"column":25}},"loc":{"start":{"line":62,"column":28},"end":{"line":62,"column":39}}},"3":{"name":"(anonymous_3)","decl":{"start":{"line":64,"column":2},"end":{"line":64,"column":19}},"loc":{"start":{"line":64,"column":19},"end":{"line":69,"column":3}}},"4":{"name":"(anonymous_4)","decl":{"start":{"line":71,"column":2},"end":{"line":71,"column":22}},"loc":{"start":{"line":71,"column":22},"end":{"line":76,"column":3}}},"5":{"name":"(anonymous_5)","decl":{"start":{"line":78,"column":2},"end":{"line":78,"column":6}},"loc":{"start":{"line":78,"column":6},"end":{"line":80,"column":3}}},"6":{"name":"(anonymous_6)","decl":{"start":{"line":82,"column":2},"end":{"line":82,"column":6}},"loc":{"start":{"line":82,"column":6},"end":{"line":84,"column":3}}}},"branchMap":{"0":{"loc":{"start":{"line":15,"column":4},"end":{"line":58,"column":5}},"type":"if","locations":[{"start":{"line":15,"column":4},"end":{"line":58,"column":5}},{"start":{"line":38,"column":11},"end":{"line":58,"column":5}}]},"1":{"loc":{"start":{"line":16,"column":6},"end":{"line":17,"column":46}},"type":"binary-expr","locations":[{"start":{"line":16,"column":6},"end":{"line":16,"column":42}},{"start":{"line":17,"column":6},"end":{"line":17,"column":46}}]},"2":{"loc":{"start":{"line":87,"column":0},"end":{"line":92,"column":1}},"type":"if","locations":[{"start":{"line":87,"column":0},"end":{"line":92,"column":1}}]},"3":{"loc":{"start":{"line":88,"column":2},"end":{"line":89,"column":35}},"type":"binary-expr","locations":[{"start":{"line":88,"column":2},"end":{"line":88,"column":39}},{"start":{"line":89,"column":2},"end":{"line":89,"column":35}}]}},"s":{"0":5,"1":5,"2":2,"3":5,"4":2,"5":5,"6":5,"7":5,"8":5,"9":5,"10":0,"11":0,"12":0,"13":5,"14":5,"15":5,"16":5,"17":5,"18":5,"19":5,"20":5,"21":5,"22":5,"23":5,"24":3,"25":3,"26":1,"27":1,"28":1},"f":{"0":5,"1":2,"2":2,"3":5,"4":5,"5":3,"6":3},"b":{"0":[0,5],"1":[5,5],"2":[1],"3":[1,1]}}
}