TN:
SF:src\components\uv-dropdown.ts
FN:2,(anonymous_0)
FN:80,(anonymous_1)
FN:81,(anonymous_2)
FN:82,(anonymous_3)
FN:93,(anonymous_4)
FN:64,(anonymous_5)
FN:68,(anonymous_6)
FN:72,(anonymous_7)
FN:100,(anonymous_8)
FN:110,(anonymous_9)
FN:120,(anonymous_10)
FN:131,(anonymous_11)
FNF:12
FNH:10
FNDA:8,(anonymous_0)
FNDA:0,(anonymous_1)
FNDA:2,(anonymous_2)
FNDA:2,(anonymous_3)
FNDA:2,(anonymous_4)
FNDA:0,(anonymous_5)
FNDA:19,(anonymous_6)
FNDA:10,(anonymous_7)
FNDA:8,(anonymous_8)
FNDA:8,(anonymous_9)
FNDA:4,(anonymous_10)
FNDA:2,(anonymous_11)
DA:1,1
DA:3,8
DA:4,8
DA:5,8
DA:10,8
DA:14,0
DA:15,0
DA:36,0
DA:38,8
DA:39,8
DA:60,8
DA:65,0
DA:69,19
DA:73,10
DA:74,5
DA:76,5
DA:80,8
DA:81,8
DA:82,8
DA:83,2
DA:84,1
DA:85,1
DA:93,8
DA:94,2
DA:95,2
DA:96,2
DA:101,8
DA:104,8
DA:105,8
DA:106,8
DA:107,8
DA:111,8
DA:114,8
DA:115,8
DA:116,8
DA:117,8
DA:121,4
DA:122,4
DA:123,4
DA:132,2
DA:133,1
DA:138,1
DA:142,1
LF:43
LH:39
BRDA:83,0,0,1
BRDA:83,1,0,2
BRDA:83,1,1,2
BRDA:94,2,0,2
BRDA:94,3,0,2
BRDA:94,3,1,1
BRDA:10,4,0,0
BRDA:10,4,1,8
BRDA:11,5,0,8
BRDA:11,5,1,8
BRDA:73,6,0,5
BRDA:73,6,1,5
BRDA:101,7,0,0
BRDA:101,7,1,8
BRDA:101,8,0,8
BRDA:101,8,1,8
BRDA:104,9,0,0
BRDA:104,9,1,8
BRDA:104,10,0,8
BRDA:104,10,1,8
BRDA:105,11,0,0
BRDA:105,11,1,8
BRDA:105,12,0,8
BRDA:105,12,1,8
BRDA:111,13,0,0
BRDA:111,13,1,8
BRDA:111,14,0,8
BRDA:111,14,1,8
BRDA:114,15,0,0
BRDA:114,15,1,8
BRDA:114,16,0,8
BRDA:114,16,1,8
BRDA:115,17,0,0
BRDA:115,17,1,8
BRDA:115,18,0,8
BRDA:115,18,1,8
BRDA:132,19,0,1
BRDA:138,20,0,1
BRDA:139,21,0,1
BRDA:139,21,1,1
BRF:40
BRH:33
end_of_record
TN:
SF:src\components\uv-modal.ts
FN:3,(anonymous_0)
FN:96,(anonymous_1)
FN:88,(anonymous_2)
FN:92,(anonymous_3)
FN:103,(anonymous_4)
FN:107,(anonymous_5)
FN:116,(anonymous_6)
FN:120,(anonymous_7)
FNF:8
FNH:8
FNDA:6,(anonymous_0)
FNDA:2,(anonymous_1)
FNDA:6,(anonymous_2)
FNDA:6,(anonymous_3)
FNDA:6,(anonymous_4)
FNDA:7,(anonymous_5)
FNDA:3,(anonymous_6)
FNDA:2,(anonymous_7)
DA:1,1
DA:2,6
DA:4,6
DA:5,6
DA:6,6
DA:14,6
DA:18,0
DA:19,0
DA:50,0
DA:52,6
DA:53,6
DA:84,6
DA:89,6
DA:93,6
DA:96,6
DA:97,2
DA:98,1
DA:99,1
DA:104,6
DA:108,7
DA:109,7
DA:110,4
DA:112,3
DA:117,3
DA:121,2
DA:125,1
DA:126,1
LF:27
LH:24
BRDA:97,0,0,1
BRDA:97,1,0,2
BRDA:97,1,1,1
BRDA:14,2,0,0
BRDA:14,2,1,6
BRDA:15,3,0,6
BRDA:15,3,1,6
BRDA:109,4,0,4
BRDA:109,4,1,3
BRDA:125,5,0,1
BRDA:125,6,0,1
BRDA:125,6,1,1
BRF:12
BRH:11
end_of_record
TN:
SF:src\components\uv-tooltip.ts
FN:5,(anonymous_0)
FN:61,(anonymous_1)
FN:62,(anonymous_2)
FN:64,(anonymous_3)
FN:71,(anonymous_4)
FN:78,(anonymous_5)
FN:82,(anonymous_6)
FNF:7
FNH:7
FNDA:5,(anonymous_0)
FNDA:2,(anonymous_1)
FNDA:2,(anonymous_2)
FNDA:5,(anonymous_3)
FNDA:5,(anonymous_4)
FNDA:3,(anonymous_5)
FNDA:3,(anonymous_6)
DA:1,1
DA:6,5
DA:7,5
DA:8,5
DA:12,5
DA:13,5
DA:15,5
DA:19,0
DA:20,0
DA:37,0
DA:39,5
DA:40,5
DA:57,5
DA:61,5
DA:62,5
DA:65,5
DA:66,5
DA:67,5
DA:68,5
DA:72,5
DA:73,5
DA:74,5
DA:75,5
DA:79,3
DA:83,3
DA:87,1
DA:91,1
LF:27
LH:24
BRDA:15,0,0,0
BRDA:15,0,1,5
BRDA:16,1,0,5
BRDA:16,1,1,5
BRDA:87,2,0,1
BRDA:88,3,0,1
BRDA:88,3,1,1
BRF:7
BRH:6
end_of_record
