TN:
SF:src\components\uv-dropdown.ts
FN:2,(anonymous_0)
FN:77,(anonymous_1)
FN:78,(anonymous_2)
FN:79,(anonymous_3)
FN:87,(anonymous_4)
FN:61,(anonymous_5)
FN:65,(anonymous_6)
FN:69,(anonymous_7)
FN:94,(anonymous_8)
FN:104,(anonymous_9)
FN:114,(anonymous_10)
FN:122,(anonymous_11)
FNF:12
FNH:10
FNDA:8,(anonymous_0)
FNDA:0,(anonymous_1)
FNDA:2,(anonymous_2)
FNDA:2,(anonymous_3)
FNDA:2,(anonymous_4)
FNDA:0,(anonymous_5)
FNDA:19,(anonymous_6)
FNDA:10,(anonymous_7)
FNDA:8,(anonymous_8)
FNDA:8,(anonymous_9)
FNDA:4,(anonymous_10)
FNDA:2,(anonymous_11)
DA:1,1
DA:3,8
DA:4,8
DA:5,8
DA:10,8
DA:11,0
DA:12,0
DA:33,0
DA:35,8
DA:36,8
DA:57,8
DA:62,0
DA:66,19
DA:70,10
DA:71,5
DA:73,5
DA:77,8
DA:78,8
DA:79,8
DA:80,2
DA:81,1
DA:82,1
DA:87,8
DA:88,2
DA:89,2
DA:90,2
DA:95,8
DA:98,8
DA:99,8
DA:100,8
DA:101,8
DA:105,8
DA:108,8
DA:109,8
DA:110,8
DA:111,8
DA:115,4
DA:116,4
DA:117,4
DA:123,2
DA:124,1
DA:129,1
DA:130,1
LF:43
LH:39
BRDA:80,0,0,1
BRDA:80,1,0,2
BRDA:80,1,1,2
BRDA:88,2,0,2
BRDA:88,3,0,2
BRDA:88,3,1,1
BRDA:10,4,0,0
BRDA:10,4,1,8
BRDA:10,5,0,8
BRDA:10,5,1,8
BRDA:70,6,0,5
BRDA:70,6,1,5
BRDA:95,7,0,0
BRDA:95,7,1,8
BRDA:95,8,0,8
BRDA:95,8,1,8
BRDA:98,9,0,0
BRDA:98,9,1,8
BRDA:98,10,0,8
BRDA:98,10,1,8
BRDA:99,11,0,0
BRDA:99,11,1,8
BRDA:99,12,0,8
BRDA:99,12,1,8
BRDA:105,13,0,0
BRDA:105,13,1,8
BRDA:105,14,0,8
BRDA:105,14,1,8
BRDA:108,15,0,0
BRDA:108,15,1,8
BRDA:108,16,0,8
BRDA:108,16,1,8
BRDA:109,17,0,0
BRDA:109,17,1,8
BRDA:109,18,0,8
BRDA:109,18,1,8
BRDA:123,19,0,1
BRDA:129,20,0,1
BRDA:129,21,0,1
BRDA:129,21,1,1
BRF:40
BRH:33
end_of_record
TN:
SF:src\components\uv-modal.ts
FN:3,(anonymous_0)
FN:93,(anonymous_1)
FN:85,(anonymous_2)
FN:89,(anonymous_3)
FN:100,(anonymous_4)
FN:104,(anonymous_5)
FN:113,(anonymous_6)
FN:117,(anonymous_7)
FNF:8
FNH:8
FNDA:6,(anonymous_0)
FNDA:2,(anonymous_1)
FNDA:6,(anonymous_2)
FNDA:6,(anonymous_3)
FNDA:6,(anonymous_4)
FNDA:7,(anonymous_5)
FNDA:3,(anonymous_6)
FNDA:2,(anonymous_7)
DA:1,1
DA:2,6
DA:4,6
DA:5,6
DA:6,6
DA:14,6
DA:15,0
DA:16,0
DA:47,0
DA:49,6
DA:50,6
DA:81,6
DA:86,6
DA:90,6
DA:93,6
DA:94,2
DA:95,1
DA:96,1
DA:101,6
DA:105,7
DA:106,7
DA:107,4
DA:109,3
DA:114,3
DA:118,2
DA:122,1
DA:123,1
LF:27
LH:24
BRDA:94,0,0,1
BRDA:94,1,0,2
BRDA:94,1,1,1
BRDA:14,2,0,0
BRDA:14,2,1,6
BRDA:14,3,0,6
BRDA:14,3,1,6
BRDA:106,4,0,4
BRDA:106,4,1,3
BRDA:122,5,0,1
BRDA:122,6,0,1
BRDA:122,6,1,1
BRF:12
BRH:11
end_of_record
TN:
SF:src\components\uv-tooltip.ts
FN:5,(anonymous_0)
FN:58,(anonymous_1)
FN:59,(anonymous_2)
FN:61,(anonymous_3)
FN:68,(anonymous_4)
FN:75,(anonymous_5)
FN:79,(anonymous_6)
FNF:7
FNH:7
FNDA:5,(anonymous_0)
FNDA:2,(anonymous_1)
FNDA:2,(anonymous_2)
FNDA:5,(anonymous_3)
FNDA:5,(anonymous_4)
FNDA:3,(anonymous_5)
FNDA:3,(anonymous_6)
DA:1,1
DA:6,5
DA:7,5
DA:8,5
DA:12,5
DA:13,5
DA:15,5
DA:16,0
DA:17,0
DA:34,0
DA:36,5
DA:37,5
DA:54,5
DA:58,5
DA:59,5
DA:62,5
DA:63,5
DA:64,5
DA:65,5
DA:69,5
DA:70,5
DA:71,5
DA:72,5
DA:76,3
DA:80,3
DA:84,1
DA:85,1
LF:27
LH:24
BRDA:15,0,0,0
BRDA:15,0,1,5
BRDA:15,1,0,5
BRDA:15,1,1,5
BRDA:84,2,0,1
BRDA:84,3,0,1
BRDA:84,3,1,1
BRF:7
BRH:6
end_of_record
